Started GET "/" for 127.0.0.1 at 2022-04-12 13:13:56 +0200
  
ActiveRecord::NoDatabaseError (We could not find your database: monkey_development. Which can be found in the database configuration file located at config/database.yml.

To resolve this issue:

- Did you create the database for this app, or delete it? You may need to create your database.
- Has the database name changed? Check your database.yml config has the correct database name.

To create your database, run:

        bin/rails db:create
):
  
activerecord (7.0.2.3) lib/active_record/connection_adapters/postgresql_adapter.rb:81:in `rescue in new_client'
activerecord (7.0.2.3) lib/active_record/connection_adapters/postgresql_adapter.rb:77:in `new_client'
activerecord (7.0.2.3) lib/active_record/connection_adapters/postgresql_adapter.rb:37:in `postgresql_connection'
activerecord (7.0.2.3) lib/active_record/connection_adapters/abstract/connection_pool.rb:656:in `public_send'
activerecord (7.0.2.3) lib/active_record/connection_adapters/abstract/connection_pool.rb:656:in `new_connection'
activerecord (7.0.2.3) lib/active_record/connection_adapters/abstract/connection_pool.rb:700:in `checkout_new_connection'
activerecord (7.0.2.3) lib/active_record/connection_adapters/abstract/connection_pool.rb:679:in `try_to_checkout_new_connection'
activerecord (7.0.2.3) lib/active_record/connection_adapters/abstract/connection_pool.rb:640:in `acquire_connection'
activerecord (7.0.2.3) lib/active_record/connection_adapters/abstract/connection_pool.rb:341:in `checkout'
activerecord (7.0.2.3) lib/active_record/connection_adapters/abstract/connection_pool.rb:181:in `connection'
activerecord (7.0.2.3) lib/active_record/connection_adapters/abstract/connection_handler.rb:211:in `retrieve_connection'
activerecord (7.0.2.3) lib/active_record/connection_handling.rb:313:in `retrieve_connection'
activerecord (7.0.2.3) lib/active_record/connection_handling.rb:280:in `connection'
activerecord (7.0.2.3) lib/active_record/migration.rb:613:in `connection'
activerecord (7.0.2.3) lib/active_record/migration.rb:608:in `build_watcher'
activerecord (7.0.2.3) lib/active_record/migration.rb:590:in `block in call'
activerecord (7.0.2.3) lib/active_record/migration.rb:589:in `synchronize'
activerecord (7.0.2.3) lib/active_record/migration.rb:589:in `call'
actionpack (7.0.2.3) lib/action_dispatch/middleware/callbacks.rb:27:in `block in call'
activesupport (7.0.2.3) lib/active_support/callbacks.rb:99:in `run_callbacks'
actionpack (7.0.2.3) lib/action_dispatch/middleware/callbacks.rb:26:in `call'
actionpack (7.0.2.3) lib/action_dispatch/middleware/executor.rb:14:in `call'
actionpack (7.0.2.3) lib/action_dispatch/middleware/actionable_exceptions.rb:17:in `call'
actionpack (7.0.2.3) lib/action_dispatch/middleware/debug_exceptions.rb:28:in `call'
web-console (4.2.0) lib/web_console/middleware.rb:132:in `call_app'
web-console (4.2.0) lib/web_console/middleware.rb:28:in `block in call'
web-console (4.2.0) lib/web_console/middleware.rb:17:in `catch'
web-console (4.2.0) lib/web_console/middleware.rb:17:in `call'
actionpack (7.0.2.3) lib/action_dispatch/middleware/show_exceptions.rb:26:in `call'
railties (7.0.2.3) lib/rails/rack/logger.rb:36:in `call_app'
railties (7.0.2.3) lib/rails/rack/logger.rb:25:in `block in call'
activesupport (7.0.2.3) lib/active_support/tagged_logging.rb:99:in `block in tagged'
activesupport (7.0.2.3) lib/active_support/tagged_logging.rb:37:in `tagged'
activesupport (7.0.2.3) lib/active_support/tagged_logging.rb:99:in `tagged'
railties (7.0.2.3) lib/rails/rack/logger.rb:25:in `call'
sprockets-rails (3.4.2) lib/sprockets/rails/quiet_assets.rb:13:in `call'
actionpack (7.0.2.3) lib/action_dispatch/middleware/remote_ip.rb:93:in `call'
actionpack (7.0.2.3) lib/action_dispatch/middleware/request_id.rb:26:in `call'
rack (2.2.3) lib/rack/method_override.rb:24:in `call'
rack (2.2.3) lib/rack/runtime.rb:22:in `call'
activesupport (7.0.2.3) lib/active_support/cache/strategy/local_cache_middleware.rb:29:in `call'
actionpack (7.0.2.3) lib/action_dispatch/middleware/server_timing.rb:20:in `call'
actionpack (7.0.2.3) lib/action_dispatch/middleware/executor.rb:14:in `call'
actionpack (7.0.2.3) lib/action_dispatch/middleware/static.rb:23:in `call'
rack (2.2.3) lib/rack/sendfile.rb:110:in `call'
actionpack (7.0.2.3) lib/action_dispatch/middleware/host_authorization.rb:137:in `call'
railties (7.0.2.3) lib/rails/engine.rb:530:in `call'
puma (5.6.2) lib/puma/configuration.rb:252:in `call'
puma (5.6.2) lib/puma/request.rb:77:in `block in handle_request'
puma (5.6.2) lib/puma/thread_pool.rb:340:in `with_force_shutdown'
puma (5.6.2) lib/puma/request.rb:76:in `handle_request'
puma (5.6.2) lib/puma/server.rb:441:in `process_client'
puma (5.6.2) lib/puma/thread_pool.rb:147:in `block in spawn_thread'
  [1m[35m (20.4ms)[0m  [1m[35mCREATE DATABASE "monkey" ENCODING = 'unicode'[0m
  [1m[35m (1345.1ms)[0m  [1m[35mCREATE DATABASE "monkey_test" ENCODING = 'unicode'[0m
  [1m[35m (608.1ms)[0m  [1m[35mCREATE TABLE "schema_migrations" ("version" character varying NOT NULL PRIMARY KEY)[0m
  [1m[35m (222.1ms)[0m  [1m[35mCREATE TABLE "ar_internal_metadata" ("key" character varying NOT NULL PRIMARY KEY, "value" character varying, "created_at" timestamp(6) NOT NULL, "updated_at" timestamp(6) NOT NULL)[0m
  [1m[35m (0.9ms)[0m  [1m[34mSELECT pg_try_advisory_lock(6093950798112870000)[0m
  [1m[36mActiveRecord::SchemaMigration Pluck (74.1ms)[0m  [1m[34mSELECT "schema_migrations"."version" FROM "schema_migrations" ORDER BY "schema_migrations"."version" ASC[0m
  [1m[36mActiveRecord::InternalMetadata Load (1.2ms)[0m  [1m[34mSELECT "ar_internal_metadata".* FROM "ar_internal_metadata" WHERE "ar_internal_metadata"."key" = $1 LIMIT $2[0m  [["key", "environment"], ["LIMIT", 1]]
  [1m[36mTRANSACTION (0.6ms)[0m  [1m[35mBEGIN[0m
  [1m[36mActiveRecord::InternalMetadata Create (1.6ms)[0m  [1m[32mINSERT INTO "ar_internal_metadata" ("key", "value", "created_at", "updated_at") VALUES ($1, $2, $3, $4) RETURNING "key"[0m  [["key", "environment"], ["value", "development"], ["created_at", "2022-04-12 13:54:29.565598"], ["updated_at", "2022-04-12 13:54:29.565598"]]
  [1m[36mTRANSACTION (75.8ms)[0m  [1m[35mCOMMIT[0m
  [1m[35m (1.4ms)[0m  [1m[34mSELECT pg_advisory_unlock(6093950798112870000)[0m
  [1m[36mActiveRecord::SchemaMigration Pluck (1.9ms)[0m  [1m[34mSELECT "schema_migrations"."version" FROM "schema_migrations" ORDER BY "schema_migrations"."version" ASC[0m
Started GET "/" for 127.0.0.1 at 2022-04-12 15:54:44 +0200
  [1m[36mActiveRecord::SchemaMigration Pluck (1.6ms)[0m  [1m[34mSELECT "schema_migrations"."version" FROM "schema_migrations" ORDER BY "schema_migrations"."version" ASC[0m
Processing by Rails::WelcomeController#index as HTML
  Rendering /var/lib/gems/2.7.0/gems/railties-7.0.2.3/lib/rails/templates/rails/welcome/index.html.erb
  Rendered /var/lib/gems/2.7.0/gems/railties-7.0.2.3/lib/rails/templates/rails/welcome/index.html.erb (Duration: 70.7ms | Allocations: 562)
Completed 200 OK in 178ms (Views: 80.5ms | ActiveRecord: 0.0ms | Allocations: 5511)


  [1m[35m (0.5ms)[0m  [1m[34mSELECT pg_try_advisory_lock(6093950798112870000)[0m
  [1m[36mActiveRecord::SchemaMigration Pluck (26.1ms)[0m  [1m[34mSELECT "schema_migrations"."version" FROM "schema_migrations" ORDER BY "schema_migrations"."version" ASC[0m
Migrating to CreateEnclosures (20220426155129)
  [1m[36mTRANSACTION (0.2ms)[0m  [1m[35mBEGIN[0m
  [1m[35m (659.9ms)[0m  [1m[35mCREATE TABLE "enclosures" ("id" bigserial primary key, "localization" text, "created_at" timestamp(6) NOT NULL, "updated_at" timestamp(6) NOT NULL)[0m
  [1m[36mActiveRecord::SchemaMigration Create (0.8ms)[0m  [1m[32mINSERT INTO "schema_migrations" ("version") VALUES ($1) RETURNING "version"[0m  [["version", "20220426155129"]]
  [1m[36mTRANSACTION (10.8ms)[0m  [1m[35mCOMMIT[0m
  [1m[36mActiveRecord::InternalMetadata Load (48.1ms)[0m  [1m[34mSELECT "ar_internal_metadata".* FROM "ar_internal_metadata" WHERE "ar_internal_metadata"."key" = $1 LIMIT $2[0m  [["key", "environment"], ["LIMIT", 1]]
  [1m[35m (0.4ms)[0m  [1m[34mSELECT pg_advisory_unlock(6093950798112870000)[0m
  [1m[36mActiveRecord::SchemaMigration Pluck (0.9ms)[0m  [1m[34mSELECT "schema_migrations"."version" FROM "schema_migrations" ORDER BY "schema_migrations"."version" ASC[0m
  [1m[36mTRANSACTION (0.2ms)[0m  [1m[35mBEGIN[0m
  [1m[36mEnclosure Create (0.8ms)[0m  [1m[32mINSERT INTO "enclosures" ("id", "localization", "created_at", "updated_at") VALUES ($1, $2, $3, $4) RETURNING "id"[0m  [["id", 1], ["localization", "13"], ["created_at", "2022-04-26 15:54:19.286046"], ["updated_at", "2022-04-26 15:54:19.286046"]]
  [1m[36mTRANSACTION (31.8ms)[0m  [1m[35mCOMMIT[0m
  [1m[36mEnclosure Load (0.5ms)[0m  [1m[34mSELECT "enclosures".* FROM "enclosures"[0m
  [1m[36mTRANSACTION (0.2ms)[0m  [1m[35mBEGIN[0m
  [1m[36mEnclosure Create (0.9ms)[0m  [1m[32mINSERT INTO "enclosures" ("localization", "created_at", "updated_at") VALUES ($1, $2, $3) RETURNING "id"[0m  [["localization", "12"], ["created_at", "2022-04-26 15:59:04.056818"], ["updated_at", "2022-04-26 15:59:04.056818"]]
  [1m[36mTRANSACTION (0.3ms)[0m  [1m[31mROLLBACK[0m
  [1m[36mEnclosure Load (0.4ms)[0m  [1m[34mSELECT "enclosures".* FROM "enclosures"[0m
  [1m[36mTRANSACTION (2.5ms)[0m  [1m[35mBEGIN[0m
  [1m[36mEnclosure Destroy (0.5ms)[0m  [1m[31mDELETE FROM "enclosures" WHERE "enclosures"."id" = $1[0m  [["id", 1]]
  [1m[36mTRANSACTION (24.6ms)[0m  [1m[35mCOMMIT[0m
  [1m[36mEnclosure Load (0.4ms)[0m  [1m[34mSELECT "enclosures".* FROM "enclosures"[0m
  [1m[36mTRANSACTION (0.4ms)[0m  [1m[35mBEGIN[0m
  [1m[36mEnclosure Create (0.5ms)[0m  [1m[32mINSERT INTO "enclosures" ("localization", "created_at", "updated_at") VALUES ($1, $2, $3) RETURNING "id"[0m  [["localization", "12"], ["created_at", "2022-04-26 16:01:12.714368"], ["updated_at", "2022-04-26 16:01:12.714368"]]
  [1m[36mTRANSACTION (15.7ms)[0m  [1m[35mCOMMIT[0m
  [1m[36mEnclosure Load (0.5ms)[0m  [1m[34mSELECT "enclosures".* FROM "enclosures"[0m
  [1m[35m (0.3ms)[0m  [1m[34mSELECT pg_try_advisory_lock(6093950798112870000)[0m
  [1m[36mActiveRecord::SchemaMigration Pluck (0.8ms)[0m  [1m[34mSELECT "schema_migrations"."version" FROM "schema_migrations" ORDER BY "schema_migrations"."version" ASC[0m
Migrating to AddNameToEnclosures (20220426161633)
  [1m[36mTRANSACTION (0.3ms)[0m  [1m[35mBEGIN[0m
  [1m[35m (12.8ms)[0m  [1m[35mALTER TABLE "enclosures" ADD "name" character varying[0m
  [1m[36mActiveRecord::SchemaMigration Create (0.4ms)[0m  [1m[32mINSERT INTO "schema_migrations" ("version") VALUES ($1) RETURNING "version"[0m  [["version", "20220426161633"]]
  [1m[36mTRANSACTION (96.9ms)[0m  [1m[35mCOMMIT[0m
  [1m[36mActiveRecord::InternalMetadata Load (0.5ms)[0m  [1m[34mSELECT "ar_internal_metadata".* FROM "ar_internal_metadata" WHERE "ar_internal_metadata"."key" = $1 LIMIT $2[0m  [["key", "environment"], ["LIMIT", 1]]
  [1m[35m (0.5ms)[0m  [1m[34mSELECT pg_advisory_unlock(6093950798112870000)[0m
  [1m[36mActiveRecord::SchemaMigration Pluck (0.6ms)[0m  [1m[34mSELECT "schema_migrations"."version" FROM "schema_migrations" ORDER BY "schema_migrations"."version" ASC[0m
  [1m[36mEnclosure Load (0.5ms)[0m  [1m[34mSELECT "enclosures".* FROM "enclosures"[0m
  [1m[35m (0.4ms)[0m  [1m[34mSELECT pg_try_advisory_lock(6093950798112870000)[0m
  [1m[36mActiveRecord::SchemaMigration Pluck (0.8ms)[0m  [1m[34mSELECT "schema_migrations"."version" FROM "schema_migrations" ORDER BY "schema_migrations"."version" ASC[0m
Migrating to CreateEmployees (20220426162204)
  [1m[36mTRANSACTION (0.3ms)[0m  [1m[35mBEGIN[0m
  [1m[35m (277.3ms)[0m  [1m[35mCREATE TABLE "employees" ("id" bigserial primary key, "first_name" character varying, "last_name" character varying, "phone" character varying, "email" character varying, "created_at" timestamp(6) NOT NULL, "updated_at" timestamp(6) NOT NULL)[0m
  [1m[36mActiveRecord::SchemaMigration Create (0.4ms)[0m  [1m[32mINSERT INTO "schema_migrations" ("version") VALUES ($1) RETURNING "version"[0m  [["version", "20220426162204"]]
  [1m[36mTRANSACTION (17.5ms)[0m  [1m[35mCOMMIT[0m
  [1m[36mActiveRecord::InternalMetadata Load (0.4ms)[0m  [1m[34mSELECT "ar_internal_metadata".* FROM "ar_internal_metadata" WHERE "ar_internal_metadata"."key" = $1 LIMIT $2[0m  [["key", "environment"], ["LIMIT", 1]]
  [1m[35m (0.4ms)[0m  [1m[34mSELECT pg_advisory_unlock(6093950798112870000)[0m
  [1m[36mActiveRecord::SchemaMigration Pluck (0.6ms)[0m  [1m[34mSELECT "schema_migrations"."version" FROM "schema_migrations" ORDER BY "schema_migrations"."version" ASC[0m
  [1m[35m (0.3ms)[0m  [1m[34mSELECT pg_try_advisory_lock(6093950798112870000)[0m
  [1m[36mActiveRecord::SchemaMigration Pluck (1.1ms)[0m  [1m[34mSELECT "schema_migrations"."version" FROM "schema_migrations" ORDER BY "schema_migrations"."version" ASC[0m
Migrating to CreateAnimals (20220426163115)
  [1m[36mTRANSACTION (0.2ms)[0m  [1m[35mBEGIN[0m
  [1m[35m (403.5ms)[0m  [1m[35mCREATE TABLE "animals" ("id" bigserial primary key, "name" character varying, "species" character varying, "age" integer, "description" text, "enclosures_id" bigint NOT NULL, "created_at" timestamp(6) NOT NULL, "updated_at" timestamp(6) NOT NULL, CONSTRAINT "fk_rails_ff439334b7"
FOREIGN KEY ("enclosures_id")
  REFERENCES "enclosures" ("id")
)[0m
  [1m[35m (52.9ms)[0m  [1m[35mCREATE INDEX "index_animals_on_enclosures_id" ON "animals" ("enclosures_id")[0m
  [1m[36mActiveRecord::SchemaMigration Create (0.5ms)[0m  [1m[32mINSERT INTO "schema_migrations" ("version") VALUES ($1) RETURNING "version"[0m  [["version", "20220426163115"]]
  [1m[36mTRANSACTION (14.9ms)[0m  [1m[35mCOMMIT[0m
  [1m[36mActiveRecord::InternalMetadata Load (0.4ms)[0m  [1m[34mSELECT "ar_internal_metadata".* FROM "ar_internal_metadata" WHERE "ar_internal_metadata"."key" = $1 LIMIT $2[0m  [["key", "environment"], ["LIMIT", 1]]
  [1m[35m (0.8ms)[0m  [1m[34mSELECT pg_advisory_unlock(6093950798112870000)[0m
  [1m[36mActiveRecord::SchemaMigration Pluck (0.6ms)[0m  [1m[34mSELECT "schema_migrations"."version" FROM "schema_migrations" ORDER BY "schema_migrations"."version" ASC[0m
  [1m[35m (0.2ms)[0m  [1m[34mSELECT pg_try_advisory_lock(6093950798112870000)[0m
  [1m[36mActiveRecord::SchemaMigration Pluck (0.7ms)[0m  [1m[34mSELECT "schema_migrations"."version" FROM "schema_migrations" ORDER BY "schema_migrations"."version" ASC[0m
  [1m[36mActiveRecord::InternalMetadata Load (0.3ms)[0m  [1m[34mSELECT "ar_internal_metadata".* FROM "ar_internal_metadata" WHERE "ar_internal_metadata"."key" = $1 LIMIT $2[0m  [["key", "environment"], ["LIMIT", 1]]
  [1m[35m (0.4ms)[0m  [1m[34mSELECT pg_advisory_unlock(6093950798112870000)[0m
  [1m[36mActiveRecord::SchemaMigration Pluck (1.3ms)[0m  [1m[34mSELECT "schema_migrations"."version" FROM "schema_migrations" ORDER BY "schema_migrations"."version" ASC[0m
  [1m[36mEnclosure Load (0.7ms)[0m  [1m[34mSELECT "enclosures".* FROM "enclosures"[0m
  [1m[36mEnclosure Load (0.5ms)[0m  [1m[34mSELECT "enclosures".* FROM "enclosures"[0m
  [1m[36mEnclosure Load (0.8ms)[0m  [1m[34mSELECT "enclosures".* FROM "enclosures"[0m
  [1m[36mEnclosure Load (0.4ms)[0m  [1m[34mSELECT "enclosures".* FROM "enclosures"[0m
  [1m[35m (0.3ms)[0m  [1m[34mSELECT pg_try_advisory_lock(6093950798112870000)[0m
  [1m[36mActiveRecord::SchemaMigration Pluck (1.0ms)[0m  [1m[34mSELECT "schema_migrations"."version" FROM "schema_migrations" ORDER BY "schema_migrations"."version" ASC[0m
  [1m[36mActiveRecord::InternalMetadata Load (0.4ms)[0m  [1m[34mSELECT "ar_internal_metadata".* FROM "ar_internal_metadata" WHERE "ar_internal_metadata"."key" = $1 LIMIT $2[0m  [["key", "environment"], ["LIMIT", 1]]
  [1m[35m (1.5ms)[0m  [1m[34mSELECT pg_advisory_unlock(6093950798112870000)[0m
  [1m[36mActiveRecord::SchemaMigration Pluck (0.8ms)[0m  [1m[34mSELECT "schema_migrations"."version" FROM "schema_migrations" ORDER BY "schema_migrations"."version" ASC[0m
  [1m[35m (0.3ms)[0m  [1m[34mSELECT pg_try_advisory_lock(6093950798112870000)[0m
  [1m[36mActiveRecord::SchemaMigration Pluck (1.0ms)[0m  [1m[34mSELECT "schema_migrations"."version" FROM "schema_migrations" ORDER BY "schema_migrations"."version" ASC[0m
Migrating to CreateAnimals (20220426164858)
  [1m[36mTRANSACTION (0.8ms)[0m  [1m[35mBEGIN[0m
  [1m[35m (31.1ms)[0m  [1m[35mCREATE TABLE "animals" ("id" bigserial primary key, "name" character varying, "species" character varying, "age" integer, "description" text, "enclosure_id" bigint NOT NULL, "created_at" timestamp(6) NOT NULL, "updated_at" timestamp(6) NOT NULL, CONSTRAINT "fk_rails_2c1d597006"
FOREIGN KEY ("enclosure_id")
  REFERENCES "enclosures" ("id")
)[0m
  [1m[36mTRANSACTION (0.6ms)[0m  [1m[31mROLLBACK[0m
  [1m[35m (0.8ms)[0m  [1m[34mSELECT pg_advisory_unlock(6093950798112870000)[0m
  [1m[36mActiveRecord::SchemaMigration Pluck (0.9ms)[0m  [1m[34mSELECT "schema_migrations"."version" FROM "schema_migrations" ORDER BY "schema_migrations"."version" ASC[0m
  [1m[36mActiveRecord::SchemaMigration Pluck (0.4ms)[0m  [1m[34mSELECT "schema_migrations"."version" FROM "schema_migrations" ORDER BY "schema_migrations"."version" ASC[0m
  [1m[36mActiveRecord::SchemaMigration Pluck (0.4ms)[0m  [1m[34mSELECT "schema_migrations"."version" FROM "schema_migrations" ORDER BY "schema_migrations"."version" ASC[0m
  [1m[35m (0.2ms)[0m  [1m[34mSELECT pg_try_advisory_lock(6093950798112870000)[0m
  [1m[36mActiveRecord::SchemaMigration Pluck (0.8ms)[0m  [1m[34mSELECT "schema_migrations"."version" FROM "schema_migrations" ORDER BY "schema_migrations"."version" ASC[0m
Migrating to CreateAnimals (20220426164858)
  [1m[36mTRANSACTION (0.2ms)[0m  [1m[35mBEGIN[0m
  [1m[35m (1.7ms)[0m  [1m[35mCREATE TABLE "animals" ("id" bigserial primary key, "name" character varying, "species" character varying, "age" integer, "description" text, "enclosure_id" bigint NOT NULL, "created_at" timestamp(6) NOT NULL, "updated_at" timestamp(6) NOT NULL, CONSTRAINT "fk_rails_2c1d597006"
FOREIGN KEY ("enclosure_id")
  REFERENCES "enclosures" ("id")
)[0m
  [1m[36mTRANSACTION (0.2ms)[0m  [1m[31mROLLBACK[0m
  [1m[35m (0.3ms)[0m  [1m[34mSELECT pg_advisory_unlock(6093950798112870000)[0m
  [1m[35m (0.3ms)[0m  [1m[34mSELECT pg_try_advisory_lock(6093950798112870000)[0m
  [1m[36mActiveRecord::SchemaMigration Pluck (1.2ms)[0m  [1m[34mSELECT "schema_migrations"."version" FROM "schema_migrations" ORDER BY "schema_migrations"."version" ASC[0m
  [1m[35m (1.1ms)[0m  [1m[34mSELECT pg_advisory_unlock(6093950798112870000)[0m
  [1m[36mActiveRecord::SchemaMigration Pluck (0.6ms)[0m  [1m[34mSELECT "schema_migrations"."version" FROM "schema_migrations" ORDER BY "schema_migrations"."version" ASC[0m
  [1m[35m (0.3ms)[0m  [1m[34mSELECT pg_try_advisory_lock(6093950798112870000)[0m
  [1m[36mActiveRecord::SchemaMigration Pluck (0.8ms)[0m  [1m[34mSELECT "schema_migrations"."version" FROM "schema_migrations" ORDER BY "schema_migrations"."version" ASC[0m
Migrating to CreateAnimals (20220426164858)
  [1m[36mTRANSACTION (0.2ms)[0m  [1m[35mBEGIN[0m
  [1m[35m (1.4ms)[0m  [1m[35mCREATE TABLE "animals" ("id" bigserial primary key, "name" character varying, "species" character varying, "age" integer, "description" text, "enclosure_id" bigint NOT NULL, "created_at" timestamp(6) NOT NULL, "updated_at" timestamp(6) NOT NULL, CONSTRAINT "fk_rails_2c1d597006"
FOREIGN KEY ("enclosure_id")
  REFERENCES "enclosures" ("id")
)[0m
  [1m[36mTRANSACTION (0.2ms)[0m  [1m[31mROLLBACK[0m
  [1m[35m (0.3ms)[0m  [1m[34mSELECT pg_advisory_unlock(6093950798112870000)[0m
  [1m[35m (0.3ms)[0m  [1m[34mSELECT pg_try_advisory_lock(6093950798112870000)[0m
  [1m[36mActiveRecord::SchemaMigration Pluck (0.8ms)[0m  [1m[34mSELECT "schema_migrations"."version" FROM "schema_migrations" ORDER BY "schema_migrations"."version" ASC[0m
  [1m[35m (0.4ms)[0m  [1m[34mSELECT pg_advisory_unlock(6093950798112870000)[0m
  [1m[36mActiveRecord::SchemaMigration Pluck (0.9ms)[0m  [1m[34mSELECT "schema_migrations"."version" FROM "schema_migrations" ORDER BY "schema_migrations"."version" ASC[0m
  [1m[35m (0.3ms)[0m  [1m[34mSELECT pg_try_advisory_lock(6093950798112870000)[0m
  [1m[36mActiveRecord::SchemaMigration Pluck (0.9ms)[0m  [1m[34mSELECT "schema_migrations"."version" FROM "schema_migrations" ORDER BY "schema_migrations"."version" ASC[0m
  [1m[36mActiveRecord::InternalMetadata Load (0.4ms)[0m  [1m[34mSELECT "ar_internal_metadata".* FROM "ar_internal_metadata" WHERE "ar_internal_metadata"."key" = $1 LIMIT $2[0m  [["key", "environment"], ["LIMIT", 1]]
  [1m[35m (0.4ms)[0m  [1m[34mSELECT pg_advisory_unlock(6093950798112870000)[0m
  [1m[36mActiveRecord::SchemaMigration Pluck (0.7ms)[0m  [1m[34mSELECT "schema_migrations"."version" FROM "schema_migrations" ORDER BY "schema_migrations"."version" ASC[0m
  [1m[35m (0.4ms)[0m  [1m[34mSELECT pg_try_advisory_lock(6093950798112870000)[0m
  [1m[36mActiveRecord::SchemaMigration Pluck (1.0ms)[0m  [1m[34mSELECT "schema_migrations"."version" FROM "schema_migrations" ORDER BY "schema_migrations"."version" ASC[0m
Migrating to AddAnimal (20220426165552)
  [1m[35m (0.4ms)[0m  [1m[34mSELECT pg_advisory_unlock(6093950798112870000)[0m
  [1m[35m (0.3ms)[0m  [1m[34mSELECT pg_try_advisory_lock(6093950798112870000)[0m
  [1m[36mActiveRecord::SchemaMigration Pluck (0.6ms)[0m  [1m[34mSELECT "schema_migrations"."version" FROM "schema_migrations" ORDER BY "schema_migrations"."version" ASC[0m
  [1m[36mActiveRecord::InternalMetadata Load (0.3ms)[0m  [1m[34mSELECT "ar_internal_metadata".* FROM "ar_internal_metadata" WHERE "ar_internal_metadata"."key" = $1 LIMIT $2[0m  [["key", "environment"], ["LIMIT", 1]]
  [1m[35m (0.3ms)[0m  [1m[34mSELECT pg_advisory_unlock(6093950798112870000)[0m
  [1m[36mActiveRecord::SchemaMigration Pluck (0.7ms)[0m  [1m[34mSELECT "schema_migrations"."version" FROM "schema_migrations" ORDER BY "schema_migrations"."version" ASC[0m
  [1m[35m (22.7ms)[0m  [1m[35mDROP TABLE "animal"[0m
  [1m[35m (31.8ms)[0m  [1m[35mDROP TABLE "animals"[0m
  [1m[35m (0.4ms)[0m  [1m[34mSELECT pg_try_advisory_lock(6093950798112870000)[0m
  [1m[36mActiveRecord::SchemaMigration Pluck (0.7ms)[0m  [1m[34mSELECT "schema_migrations"."version" FROM "schema_migrations" ORDER BY "schema_migrations"."version" ASC[0m
  [1m[36mActiveRecord::InternalMetadata Load (0.3ms)[0m  [1m[34mSELECT "ar_internal_metadata".* FROM "ar_internal_metadata" WHERE "ar_internal_metadata"."key" = $1 LIMIT $2[0m  [["key", "environment"], ["LIMIT", 1]]
  [1m[35m (0.4ms)[0m  [1m[34mSELECT pg_advisory_unlock(6093950798112870000)[0m
  [1m[36mActiveRecord::SchemaMigration Pluck (0.9ms)[0m  [1m[34mSELECT "schema_migrations"."version" FROM "schema_migrations" ORDER BY "schema_migrations"."version" ASC[0m
  [1m[35m (0.3ms)[0m  [1m[34mSELECT pg_try_advisory_lock(6093950798112870000)[0m
  [1m[36mActiveRecord::SchemaMigration Pluck (0.6ms)[0m  [1m[34mSELECT "schema_migrations"."version" FROM "schema_migrations" ORDER BY "schema_migrations"."version" ASC[0m
Migrating to CreateAnimals (20220426170314)
  [1m[36mTRANSACTION (0.2ms)[0m  [1m[35mBEGIN[0m
  [1m[35m (220.6ms)[0m  [1m[35mCREATE TABLE "animals" ("id" bigserial primary key, "name" character varying, "species" character varying, "age" integer, "description" text, "enclosure_id" bigint NOT NULL, "created_at" timestamp(6) NOT NULL, "updated_at" timestamp(6) NOT NULL, CONSTRAINT "fk_rails_2c1d597006"
FOREIGN KEY ("enclosure_id")
  REFERENCES "enclosures" ("id")
)[0m
  [1m[35m (78.3ms)[0m  [1m[35mCREATE INDEX "index_animals_on_enclosure_id" ON "animals" ("enclosure_id")[0m
  [1m[36mActiveRecord::SchemaMigration Create (0.5ms)[0m  [1m[32mINSERT INTO "schema_migrations" ("version") VALUES ($1) RETURNING "version"[0m  [["version", "20220426170314"]]
  [1m[36mTRANSACTION (16.4ms)[0m  [1m[35mCOMMIT[0m
  [1m[36mActiveRecord::InternalMetadata Load (0.5ms)[0m  [1m[34mSELECT "ar_internal_metadata".* FROM "ar_internal_metadata" WHERE "ar_internal_metadata"."key" = $1 LIMIT $2[0m  [["key", "environment"], ["LIMIT", 1]]
  [1m[35m (0.4ms)[0m  [1m[34mSELECT pg_advisory_unlock(6093950798112870000)[0m
  [1m[36mActiveRecord::SchemaMigration Pluck (0.7ms)[0m  [1m[34mSELECT "schema_migrations"."version" FROM "schema_migrations" ORDER BY "schema_migrations"."version" ASC[0m
  [1m[36mTRANSACTION (0.6ms)[0m  [1m[35mBEGIN[0m
  [1m[36mEnclosure Load (0.4ms)[0m  [1m[34mSELECT "enclosures".* FROM "enclosures" WHERE "enclosures"."id" = $1 LIMIT $2[0m  [["id", 2], ["LIMIT", 1]]
  [1m[36mAnimal Create (1.3ms)[0m  [1m[32mINSERT INTO "animals" ("name", "species", "age", "description", "enclosure_id", "created_at", "updated_at") VALUES ($1, $2, $3, $4, $5, $6, $7) RETURNING "id"[0m  [["name", "Bruh"], ["species", "Polak"], ["age", 123], ["description", "Definitywny polak"], ["enclosure_id", 2], ["created_at", "2022-04-26 17:04:27.990124"], ["updated_at", "2022-04-26 17:04:27.990124"]]
  [1m[36mTRANSACTION (126.5ms)[0m  [1m[35mCOMMIT[0m
  [1m[35m (0.2ms)[0m  [1m[34mSELECT pg_try_advisory_lock(6093950798112870000)[0m
  [1m[36mActiveRecord::SchemaMigration Pluck (0.6ms)[0m  [1m[34mSELECT "schema_migrations"."version" FROM "schema_migrations" ORDER BY "schema_migrations"."version" ASC[0m
Migrating to CreateNotes (20220426170847)
  [1m[36mTRANSACTION (0.2ms)[0m  [1m[35mBEGIN[0m
  [1m[35m (212.2ms)[0m  [1m[35mCREATE TABLE "notes" ("id" bigserial primary key, "content" text, "date" timestamp(6), "employee_id" bigint NOT NULL, "animal_id" bigint NOT NULL, "created_at" timestamp(6) NOT NULL, "updated_at" timestamp(6) NOT NULL, CONSTRAINT "fk_rails_5c1971b0f6"
FOREIGN KEY ("employee_id")
  REFERENCES "employees" ("id")
, CONSTRAINT "fk_rails_7e4f49da15"
FOREIGN KEY ("animal_id")
  REFERENCES "animals" ("id")
)[0m
  [1m[35m (54.7ms)[0m  [1m[35mCREATE INDEX "index_notes_on_employee_id" ON "notes" ("employee_id")[0m
  [1m[35m (62.2ms)[0m  [1m[35mCREATE INDEX "index_notes_on_animal_id" ON "notes" ("animal_id")[0m
  [1m[36mActiveRecord::SchemaMigration Create (0.9ms)[0m  [1m[32mINSERT INTO "schema_migrations" ("version") VALUES ($1) RETURNING "version"[0m  [["version", "20220426170847"]]
  [1m[36mTRANSACTION (3.7ms)[0m  [1m[35mCOMMIT[0m
  [1m[36mActiveRecord::InternalMetadata Load (0.8ms)[0m  [1m[34mSELECT "ar_internal_metadata".* FROM "ar_internal_metadata" WHERE "ar_internal_metadata"."key" = $1 LIMIT $2[0m  [["key", "environment"], ["LIMIT", 1]]
  [1m[35m (0.5ms)[0m  [1m[34mSELECT pg_advisory_unlock(6093950798112870000)[0m
  [1m[36mActiveRecord::SchemaMigration Pluck (0.7ms)[0m  [1m[34mSELECT "schema_migrations"."version" FROM "schema_migrations" ORDER BY "schema_migrations"."version" ASC[0m
  [1m[36mAnimal Load (1.0ms)[0m  [1m[34mSELECT "animals".* FROM "animals"[0m
  [1m[36mEmployee Load (1.2ms)[0m  [1m[34mSELECT "employees".* FROM "employees"[0m
  [1m[36mTRANSACTION (0.3ms)[0m  [1m[35mBEGIN[0m
  [1m[36mEmployee Create (1.4ms)[0m  [1m[32mINSERT INTO "employees" ("first_name", "last_name", "phone", "email", "created_at", "updated_at") VALUES ($1, $2, $3, $4, $5, $6) RETURNING "id"[0m  [["first_name", "Stachu"], ["last_name", "Jones"], ["phone", "123555777"], ["email", "stachu@mail.com"], ["created_at", "2022-04-26 17:10:10.436381"], ["updated_at", "2022-04-26 17:10:10.436381"]]
  [1m[36mTRANSACTION (51.3ms)[0m  [1m[35mCOMMIT[0m
  [1m[36mTRANSACTION (0.2ms)[0m  [1m[35mBEGIN[0m
  [1m[36mEmployee Load (0.3ms)[0m  [1m[34mSELECT "employees".* FROM "employees" WHERE "employees"."id" = $1 LIMIT $2[0m  [["id", 1], ["LIMIT", 1]]
  [1m[36mAnimal Load (0.4ms)[0m  [1m[34mSELECT "animals".* FROM "animals" WHERE "animals"."id" = $1 LIMIT $2[0m  [["id", 1], ["LIMIT", 1]]
  [1m[36mNote Create (1.2ms)[0m  [1m[32mINSERT INTO "notes" ("content", "date", "employee_id", "animal_id", "created_at", "updated_at") VALUES ($1, $2, $3, $4, $5, $6) RETURNING "id"[0m  [["content", "Nioch nioch nioch"], ["date", nil], ["employee_id", 1], ["animal_id", 1], ["created_at", "2022-04-26 17:11:38.476588"], ["updated_at", "2022-04-26 17:11:38.476588"]]
  [1m[36mTRANSACTION (63.4ms)[0m  [1m[35mCOMMIT[0m
  [1m[35m (0.3ms)[0m  [1m[34mSELECT pg_try_advisory_lock(6093950798112870000)[0m
  [1m[36mActiveRecord::SchemaMigration Pluck (1.1ms)[0m  [1m[34mSELECT "schema_migrations"."version" FROM "schema_migrations" ORDER BY "schema_migrations"."version" ASC[0m
Migrating to CreateEvents (20220426171310)
  [1m[36mTRANSACTION (0.2ms)[0m  [1m[35mBEGIN[0m
  [1m[35m (249.6ms)[0m  [1m[35mCREATE TABLE "events" ("id" bigserial primary key, "date" timestamp(6), "enclosure_id" bigint NOT NULL, "created_at" timestamp(6) NOT NULL, "updated_at" timestamp(6) NOT NULL, CONSTRAINT "fk_rails_0c411d0b94"
FOREIGN KEY ("enclosure_id")
  REFERENCES "enclosures" ("id")
)[0m
  [1m[35m (42.4ms)[0m  [1m[35mCREATE INDEX "index_events_on_enclosure_id" ON "events" ("enclosure_id")[0m
  [1m[36mActiveRecord::SchemaMigration Create (0.4ms)[0m  [1m[32mINSERT INTO "schema_migrations" ("version") VALUES ($1) RETURNING "version"[0m  [["version", "20220426171310"]]
  [1m[36mTRANSACTION (47.5ms)[0m  [1m[35mCOMMIT[0m
Migrating to CreateReservations (20220426171412)
  [1m[36mTRANSACTION (0.4ms)[0m  [1m[35mBEGIN[0m
  [1m[35m (322.8ms)[0m  [1m[35mCREATE TABLE "reservations" ("id" bigserial primary key, "first_name" character varying, "last_name" character varying, "phone" character varying, "email" character varying, "event_id" bigint NOT NULL, "created_at" timestamp(6) NOT NULL, "updated_at" timestamp(6) NOT NULL, CONSTRAINT "fk_rails_af7a37539f"
FOREIGN KEY ("event_id")
  REFERENCES "events" ("id")
)[0m
  [1m[35m (46.0ms)[0m  [1m[35mCREATE INDEX "index_reservations_on_event_id" ON "reservations" ("event_id")[0m
  [1m[36mActiveRecord::SchemaMigration Create (0.4ms)[0m  [1m[32mINSERT INTO "schema_migrations" ("version") VALUES ($1) RETURNING "version"[0m  [["version", "20220426171412"]]
  [1m[36mTRANSACTION (15.2ms)[0m  [1m[35mCOMMIT[0m
  [1m[36mActiveRecord::InternalMetadata Load (0.6ms)[0m  [1m[34mSELECT "ar_internal_metadata".* FROM "ar_internal_metadata" WHERE "ar_internal_metadata"."key" = $1 LIMIT $2[0m  [["key", "environment"], ["LIMIT", 1]]
  [1m[35m (1.2ms)[0m  [1m[34mSELECT pg_advisory_unlock(6093950798112870000)[0m
  [1m[36mActiveRecord::SchemaMigration Pluck (1.3ms)[0m  [1m[34mSELECT "schema_migrations"."version" FROM "schema_migrations" ORDER BY "schema_migrations"."version" ASC[0m
  [1m[35m (0.4ms)[0m  [1m[34mSELECT pg_try_advisory_lock(6093950798112870000)[0m
  [1m[36mActiveRecord::SchemaMigration Pluck (0.6ms)[0m  [1m[34mSELECT "schema_migrations"."version" FROM "schema_migrations" ORDER BY "schema_migrations"."version" ASC[0m
Migrating to CreateEmployeeEnclosures (20220426171526)
  [1m[36mTRANSACTION (2.5ms)[0m  [1m[35mBEGIN[0m
  [1m[35m (149.5ms)[0m  [1m[35mCREATE TABLE "employee_enclosures" ("id" bigserial primary key, "employee_id" bigint NOT NULL, "enclosure_id" bigint NOT NULL, "created_at" timestamp(6) NOT NULL, "updated_at" timestamp(6) NOT NULL, CONSTRAINT "fk_rails_e91ef07de2"
FOREIGN KEY ("employee_id")
  REFERENCES "employees" ("id")
, CONSTRAINT "fk_rails_b5b2cc2c83"
FOREIGN KEY ("enclosure_id")
  REFERENCES "enclosures" ("id")
)[0m
  [1m[35m (80.1ms)[0m  [1m[35mCREATE INDEX "index_employee_enclosures_on_employee_id" ON "employee_enclosures" ("employee_id")[0m
  [1m[35m (41.1ms)[0m  [1m[35mCREATE INDEX "index_employee_enclosures_on_enclosure_id" ON "employee_enclosures" ("enclosure_id")[0m
  [1m[36mActiveRecord::SchemaMigration Create (0.7ms)[0m  [1m[32mINSERT INTO "schema_migrations" ("version") VALUES ($1) RETURNING "version"[0m  [["version", "20220426171526"]]
  [1m[36mTRANSACTION (20.2ms)[0m  [1m[35mCOMMIT[0m
  [1m[36mActiveRecord::InternalMetadata Load (0.5ms)[0m  [1m[34mSELECT "ar_internal_metadata".* FROM "ar_internal_metadata" WHERE "ar_internal_metadata"."key" = $1 LIMIT $2[0m  [["key", "environment"], ["LIMIT", 1]]
  [1m[35m (0.3ms)[0m  [1m[34mSELECT pg_advisory_unlock(6093950798112870000)[0m
  [1m[36mActiveRecord::SchemaMigration Pluck (1.0ms)[0m  [1m[34mSELECT "schema_migrations"."version" FROM "schema_migrations" ORDER BY "schema_migrations"."version" ASC[0m
  [1m[36mEnclosure Load (0.8ms)[0m  [1m[34mSELECT "enclosures".* FROM "enclosures"[0m
  [1m[36mTRANSACTION (0.8ms)[0m  [1m[35mBEGIN[0m
  [1m[36mEnclosure Load (0.6ms)[0m  [1m[34mSELECT "enclosures".* FROM "enclosures" WHERE "enclosures"."id" = $1 LIMIT $2[0m  [["id", 2], ["LIMIT", 1]]
  [1m[36mEvent Create (1.9ms)[0m  [1m[32mINSERT INTO "events" ("date", "enclosure_id", "created_at", "updated_at") VALUES ($1, $2, $3, $4) RETURNING "id"[0m  [["date", "2022-11-21 00:00:00"], ["enclosure_id", 2], ["created_at", "2022-04-26 17:27:59.817920"], ["updated_at", "2022-04-26 17:27:59.817920"]]
  [1m[36mTRANSACTION (91.1ms)[0m  [1m[35mCOMMIT[0m
  [1m[36mTRANSACTION (0.4ms)[0m  [1m[35mBEGIN[0m
  [1m[36mEvent Load (1.2ms)[0m  [1m[34mSELECT "events".* FROM "events" WHERE "events"."id" = $1 LIMIT $2[0m  [["id", 1], ["LIMIT", 1]]
  [1m[36mReservation Create (1.4ms)[0m  [1m[32mINSERT INTO "reservations" ("first_name", "last_name", "phone", "email", "event_id", "created_at", "updated_at") VALUES ($1, $2, $3, $4, $5, $6, $7) RETURNING "id"[0m  [["first_name", "Bonio"], ["last_name", "Gniok"], ["phone", "123133"], ["email", "Gniok@bruh.org"], ["event_id", 1], ["created_at", "2022-04-26 17:29:10.291764"], ["updated_at", "2022-04-26 17:29:10.291764"]]
  [1m[36mTRANSACTION (17.0ms)[0m  [1m[35mCOMMIT[0m
  [1m[36mTRANSACTION (0.2ms)[0m  [1m[35mBEGIN[0m
  [1m[36mEmployee Load (0.5ms)[0m  [1m[34mSELECT "employees".* FROM "employees" WHERE "employees"."id" = $1 LIMIT $2[0m  [["id", 1], ["LIMIT", 1]]
  [1m[36mEnclosure Load (0.5ms)[0m  [1m[34mSELECT "enclosures".* FROM "enclosures" WHERE "enclosures"."id" = $1 LIMIT $2[0m  [["id", 2], ["LIMIT", 1]]
  [1m[36mEmployeeEnclosure Create (1.0ms)[0m  [1m[32mINSERT INTO "employee_enclosures" ("employee_id", "enclosure_id", "created_at", "updated_at") VALUES ($1, $2, $3, $4) RETURNING "id"[0m  [["employee_id", 1], ["enclosure_id", 2], ["created_at", "2022-04-26 17:29:50.395596"], ["updated_at", "2022-04-26 17:29:50.395596"]]
  [1m[36mTRANSACTION (22.0ms)[0m  [1m[35mCOMMIT[0m
  [1m[35m (0.2ms)[0m  [1m[34mSELECT pg_try_advisory_lock(6093950798112870000)[0m
  [1m[36mActiveRecord::SchemaMigration Pluck (0.8ms)[0m  [1m[34mSELECT "schema_migrations"."version" FROM "schema_migrations" ORDER BY "schema_migrations"."version" ASC[0m
Migrating to AddNameToEvents (20220426173357)
  [1m[36mTRANSACTION (0.3ms)[0m  [1m[35mBEGIN[0m
  [1m[35m (193.9ms)[0m  [1m[35mALTER TABLE "events" ADD "name" character varying[0m
  [1m[36mActiveRecord::SchemaMigration Create (0.4ms)[0m  [1m[32mINSERT INTO "schema_migrations" ("version") VALUES ($1) RETURNING "version"[0m  [["version", "20220426173357"]]
  [1m[36mTRANSACTION (12.8ms)[0m  [1m[35mCOMMIT[0m
  [1m[36mActiveRecord::InternalMetadata Load (0.5ms)[0m  [1m[34mSELECT "ar_internal_metadata".* FROM "ar_internal_metadata" WHERE "ar_internal_metadata"."key" = $1 LIMIT $2[0m  [["key", "environment"], ["LIMIT", 1]]
  [1m[35m (0.3ms)[0m  [1m[34mSELECT pg_advisory_unlock(6093950798112870000)[0m
  [1m[36mActiveRecord::SchemaMigration Pluck (0.7ms)[0m  [1m[34mSELECT "schema_migrations"."version" FROM "schema_migrations" ORDER BY "schema_migrations"."version" ASC[0m
Started GET "/" for 127.0.0.1 at 2022-04-27 08:37:57 +0200
  [1m[36mActiveRecord::SchemaMigration Pluck (1.2ms)[0m  [1m[34mSELECT "schema_migrations"."version" FROM "schema_migrations" ORDER BY "schema_migrations"."version" ASC[0m
Processing by Rails::WelcomeController#index as HTML
  Rendering /var/lib/gems/2.7.0/gems/railties-7.0.2.3/lib/rails/templates/rails/welcome/index.html.erb
  Rendered /var/lib/gems/2.7.0/gems/railties-7.0.2.3/lib/rails/templates/rails/welcome/index.html.erb (Duration: 14.9ms | Allocations: 562)
Completed 200 OK in 59ms (Views: 22.6ms | ActiveRecord: 0.0ms | Allocations: 5078)


  [1m[36mAnimal Load (0.8ms)[0m  [1m[34mSELECT "animals".* FROM "animals" ORDER BY "animals"."id" ASC LIMIT $1[0m  [["LIMIT", 1]]
  [1m[36mTRANSACTION (0.3ms)[0m  [1m[35mBEGIN[0m
  [1m[36mEnclosure Load (0.4ms)[0m  [1m[34mSELECT "enclosures".* FROM "enclosures" WHERE "enclosures"."id" = $1 LIMIT $2[0m  [["id", 2], ["LIMIT", 1]]
  [1m[36mAnimal Create (0.7ms)[0m  [1m[32mINSERT INTO "animals" ("name", "species", "age", "description", "enclosure_id", "created_at", "updated_at") VALUES ($1, $2, $3, $4, $5, $6, $7) RETURNING "id"[0m  [["name", "Gniok"], ["species", "Małpa"], ["age", -1], ["description", "Bruh"], ["enclosure_id", 2], ["created_at", "2022-04-27 06:58:45.709290"], ["updated_at", "2022-04-27 06:58:45.709290"]]
  [1m[36mTRANSACTION (17.3ms)[0m  [1m[35mCOMMIT[0m
  [1m[35m (0.2ms)[0m  [1m[34mSELECT pg_try_advisory_lock(6093950798112870000)[0m
  [1m[36mActiveRecord::SchemaMigration Pluck (0.6ms)[0m  [1m[34mSELECT "schema_migrations"."version" FROM "schema_migrations" ORDER BY "schema_migrations"."version" ASC[0m
  [1m[36mActiveRecord::InternalMetadata Load (0.3ms)[0m  [1m[34mSELECT "ar_internal_metadata".* FROM "ar_internal_metadata" WHERE "ar_internal_metadata"."key" = $1 LIMIT $2[0m  [["key", "environment"], ["LIMIT", 1]]
  [1m[35m (0.4ms)[0m  [1m[34mSELECT pg_advisory_unlock(6093950798112870000)[0m
  [1m[36mActiveRecord::SchemaMigration Pluck (0.5ms)[0m  [1m[34mSELECT "schema_migrations"."version" FROM "schema_migrations" ORDER BY "schema_migrations"."version" ASC[0m
Started GET "/" for 127.0.0.1 at 2022-04-27 08:59:47 +0200
  [1m[36mActiveRecord::SchemaMigration Pluck (0.6ms)[0m  [1m[34mSELECT "schema_migrations"."version" FROM "schema_migrations" ORDER BY "schema_migrations"."version" ASC[0m
Processing by Rails::WelcomeController#index as HTML
  Rendering /var/lib/gems/2.7.0/gems/railties-7.0.2.3/lib/rails/templates/rails/welcome/index.html.erb
  Rendered /var/lib/gems/2.7.0/gems/railties-7.0.2.3/lib/rails/templates/rails/welcome/index.html.erb (Duration: 1.3ms | Allocations: 562)
Completed 200 OK in 9ms (Views: 3.4ms | ActiveRecord: 0.0ms | Allocations: 5077)


  [1m[36mTRANSACTION (0.3ms)[0m  [1m[35mBEGIN[0m
  [1m[36mEnclosure Load (0.5ms)[0m  [1m[34mSELECT "enclosures".* FROM "enclosures" WHERE "enclosures"."id" = $1 LIMIT $2[0m  [["id", 2], ["LIMIT", 1]]
  [1m[36mTRANSACTION (0.3ms)[0m  [1m[31mROLLBACK[0m
  [1m[36mAnimal Load (2.0ms)[0m  [1m[34mSELECT "animals".* FROM "animals"[0m
  [1m[36mAnimal Load (1.3ms)[0m  [1m[34mSELECT "animals".* FROM "animals"[0m
  [1m[36mEnclosure Load (1.2ms)[0m  [1m[34mSELECT "enclosures".* FROM "enclosures" WHERE "enclosures"."id" = $1 LIMIT $2[0m  [["id", 2], ["LIMIT", 1]]
  [1m[36mTRANSACTION (0.3ms)[0m  [1m[35mBEGIN[0m
  [1m[36mEnclosure Load (0.4ms)[0m  [1m[34mSELECT "enclosures".* FROM "enclosures" WHERE "enclosures"."id" = $1 LIMIT $2[0m  [["id", 2], ["LIMIT", 1]]
  [1m[36mTRANSACTION (0.3ms)[0m  [1m[31mROLLBACK[0m
  [1m[36mAnimal Load (2.2ms)[0m  [1m[34mSELECT "animals".* FROM "animals"[0m
  [1m[36mEnclosure Load (1.3ms)[0m  [1m[34mSELECT "enclosures".* FROM "enclosures" WHERE "enclosures"."id" = $1 LIMIT $2[0m  [["id", 2], ["LIMIT", 1]]
  [1m[36mEnclosure Load (0.6ms)[0m  [1m[34mSELECT "enclosures".* FROM "enclosures" WHERE "enclosures"."id" = $1 LIMIT $2[0m  [["id", 2], ["LIMIT", 1]]
  [1m[36mEnclosure Load (1.7ms)[0m  [1m[34mSELECT "enclosures".* FROM "enclosures" WHERE "enclosures"."id" = $1 LIMIT $2[0m  [["id", 2], ["LIMIT", 1]]
  [1m[36mEnclosure Load (1.6ms)[0m  [1m[34mSELECT "enclosures".* FROM "enclosures" WHERE "enclosures"."id" = $1 LIMIT $2[0m  [["id", 2], ["LIMIT", 1]]
  [1m[35m (0.4ms)[0m  [1m[34mSELECT pg_try_advisory_lock(6093950798112870000)[0m
  [1m[36mActiveRecord::SchemaMigration Pluck (0.6ms)[0m  [1m[34mSELECT "schema_migrations"."version" FROM "schema_migrations" ORDER BY "schema_migrations"."version" ASC[0m
  [1m[36mActiveRecord::InternalMetadata Load (0.4ms)[0m  [1m[34mSELECT "ar_internal_metadata".* FROM "ar_internal_metadata" WHERE "ar_internal_metadata"."key" = $1 LIMIT $2[0m  [["key", "environment"], ["LIMIT", 1]]
  [1m[35m (0.4ms)[0m  [1m[34mSELECT pg_advisory_unlock(6093950798112870000)[0m
  [1m[36mActiveRecord::SchemaMigration Pluck (0.7ms)[0m  [1m[34mSELECT "schema_migrations"."version" FROM "schema_migrations" ORDER BY "schema_migrations"."version" ASC[0m
  [1m[36mEnclosure Load (0.8ms)[0m  [1m[34mSELECT "enclosures".* FROM "enclosures" WHERE "enclosures"."id" = $1 LIMIT $2[0m  [["id", 2], ["LIMIT", 1]]
  [1m[36mEnclosure Load (0.6ms)[0m  [1m[34mSELECT "enclosures".* FROM "enclosures" WHERE "enclosures"."id" = $1 LIMIT $2[0m  [["id", 2], ["LIMIT", 1]]
  [1m[36mEnclosure Load (1.4ms)[0m  [1m[34mSELECT "enclosures".* FROM "enclosures" WHERE "enclosures"."id" = $1 LIMIT $2[0m  [["id", 2], ["LIMIT", 1]]
  [1m[36mEnclosure Load (0.5ms)[0m  [1m[34mSELECT "enclosures".* FROM "enclosures" WHERE "enclosures"."id" = $1 LIMIT $2[0m  [["id", 2], ["LIMIT", 1]]
  [1m[36mEnclosure Load (1.5ms)[0m  [1m[34mSELECT "enclosures".* FROM "enclosures" WHERE "enclosures"."id" = $1 LIMIT $2[0m  [["id", 2], ["LIMIT", 1]]
  [1m[36mEnclosure Load (1.3ms)[0m  [1m[34mSELECT "enclosures".* FROM "enclosures" WHERE "enclosures"."id" = $1 LIMIT $2[0m  [["id", 2], ["LIMIT", 1]]
  [1m[36mEnclosure Load (0.5ms)[0m  [1m[34mSELECT "enclosures".* FROM "enclosures" WHERE "enclosures"."id" = $1 LIMIT $2[0m  [["id", 2], ["LIMIT", 1]]
  [1m[36mEnclosure Load (1.3ms)[0m  [1m[34mSELECT "enclosures".* FROM "enclosures" WHERE "enclosures"."id" = $1 LIMIT $2[0m  [["id", 2], ["LIMIT", 1]]
  [1m[36mEnclosure Load (1.4ms)[0m  [1m[34mSELECT "enclosures".* FROM "enclosures" WHERE "enclosures"."id" = $1 LIMIT $2[0m  [["id", 2], ["LIMIT", 1]]
  [1m[36mEnclosure Load (0.5ms)[0m  [1m[34mSELECT "enclosures".* FROM "enclosures" WHERE "enclosures"."id" = $1 LIMIT $2[0m  [["id", 2], ["LIMIT", 1]]
  [1m[36mEnclosure Load (1.6ms)[0m  [1m[34mSELECT "enclosures".* FROM "enclosures" WHERE "enclosures"."id" = $1 LIMIT $2[0m  [["id", 2], ["LIMIT", 1]]
  [1m[36mEmployee Load (2.2ms)[0m  [1m[34mSELECT "employees".* FROM "employees"[0m
  [1m[36mEnclosure Load (0.4ms)[0m  [1m[34mSELECT "enclosures".* FROM "enclosures" ORDER BY "enclosures"."id" ASC LIMIT $1[0m  [["LIMIT", 1]]
  [1m[36mEvent Load (1.0ms)[0m  [1m[34mSELECT "events".* FROM "events" ORDER BY "events"."id" ASC LIMIT $1[0m  [["LIMIT", 1]]
  [1m[36mNote Load (2.2ms)[0m  [1m[34mSELECT "notes".* FROM "notes" ORDER BY "notes"."id" ASC LIMIT $1[0m  [["LIMIT", 1]]
  [1m[36mReservation Load (1.8ms)[0m  [1m[34mSELECT "reservations".* FROM "reservations" ORDER BY "reservations"."id" ASC LIMIT $1[0m  [["LIMIT", 1]]
Started GET "/" for 127.0.0.1 at 2022-05-04 00:34:11 +0200
  [1m[36mActiveRecord::SchemaMigration Pluck (0.8ms)[0m  [1m[34mSELECT "schema_migrations"."version" FROM "schema_migrations" ORDER BY "schema_migrations"."version" ASC[0m
Processing by PublicController#home as HTML
  Rendering layout layouts/application.html.erb
  Rendering public/home.html.erb within layouts/application
  Rendered public/home.html.erb within layouts/application (Duration: 4.9ms | Allocations: 416)
  Rendered layout layouts/application.html.erb (Duration: 416.2ms | Allocations: 76091)
Completed 200 OK in 435ms (Views: 423.2ms | ActiveRecord: 0.0ms | Allocations: 81986)


Started GET "/" for 127.0.0.1 at 2022-05-04 00:41:16 +0200
  [1m[36mActiveRecord::SchemaMigration Pluck (0.8ms)[0m  [1m[34mSELECT "schema_migrations"."version" FROM "schema_migrations" ORDER BY "schema_migrations"."version" ASC[0m
Processing by PublicController#home as HTML
  Rendering layout layouts/application.html.erb
  Rendering public/home.html.erb within layouts/application
  Rendered public/home.html.erb within layouts/application (Duration: 2.3ms | Allocations: 696)
  Rendered layout layouts/application.html.erb (Duration: 51.1ms | Allocations: 20112)
Completed 200 OK in 65ms (Views: 59.3ms | ActiveRecord: 0.0ms | Allocations: 24768)


Started GET "/css/style.css" for 127.0.0.1 at 2022-05-04 00:41:16 +0200
  
ActionController::RoutingError (No route matches [GET] "/css/style.css"):
  
Started GET "/img/bird.png" for 127.0.0.1 at 2022-05-04 00:41:16 +0200
Started GET "/img/facebook.png" for 127.0.0.1 at 2022-05-04 00:41:16 +0200
Started GET "/img/calendar.png" for 127.0.0.1 at 2022-05-04 00:41:16 +0200
Started GET "/img/twitter.png" for 127.0.0.1 at 2022-05-04 00:41:16 +0200
  
ActionController::RoutingError (No route matches [GET] "/img/calendar.png"):
  
  
ActionController::RoutingError (No route matches [GET] "/img/bird.png"):
  
Started GET "/img/instagram.png" for 127.0.0.1 at 2022-05-04 00:41:17 +0200
  
ActionController::RoutingError (No route matches [GET] "/img/twitter.png"):
  
  
ActionController::RoutingError (No route matches [GET] "/img/facebook.png"):
  
  
ActionController::RoutingError (No route matches [GET] "/img/instagram.png"):
  
Started GET "/img/enclosure.jpg" for 127.0.0.1 at 2022-05-04 00:41:17 +0200
Started GET "/img/monky.png" for 127.0.0.1 at 2022-05-04 00:41:17 +0200
  
ActionController::RoutingError (No route matches [GET] "/img/monky.png"):
  
  
ActionController::RoutingError (No route matches [GET] "/img/enclosure.jpg"):
  
Started GET "/img/fox.png" for 127.0.0.1 at 2022-05-04 00:41:17 +0200
  
ActionController::RoutingError (No route matches [GET] "/img/fox.png"):
  
Started GET "/img/bear.png" for 127.0.0.1 at 2022-05-04 00:41:17 +0200
  
ActionController::RoutingError (No route matches [GET] "/img/bear.png"):
  
Started GET "/img/mapa.png" for 127.0.0.1 at 2022-05-04 00:41:17 +0200
  
ActionController::RoutingError (No route matches [GET] "/img/mapa.png"):
  
Started GET "/" for 127.0.0.1 at 2022-05-04 00:41:28 +0200
Processing by PublicController#home as HTML
  Rendering layout layouts/application.html.erb
  Rendering public/home.html.erb within layouts/application
  Rendered public/home.html.erb within layouts/application (Duration: 0.1ms | Allocations: 15)
  Rendered layout layouts/application.html.erb (Duration: 3.3ms | Allocations: 1104)
Completed 200 OK in 5ms (Views: 4.2ms | ActiveRecord: 0.0ms | Allocations: 1347)


Started GET "/css/style.css" for 127.0.0.1 at 2022-05-04 00:41:28 +0200
  
ActionController::RoutingError (No route matches [GET] "/css/style.css"):
  
Started GET "/img/enclosure.jpg" for 127.0.0.1 at 2022-05-04 00:41:28 +0200
Started GET "/img/fox.png" for 127.0.0.1 at 2022-05-04 00:41:28 +0200
Started GET "/img/monky.png" for 127.0.0.1 at 2022-05-04 00:41:28 +0200
  
ActionController::RoutingError (No route matches [GET] "/img/monky.png"):
  
Started GET "/img/bear.png" for 127.0.0.1 at 2022-05-04 00:41:29 +0200
  
ActionController::RoutingError (No route matches [GET] "/img/fox.png"):
  
  
ActionController::RoutingError (No route matches [GET] "/img/bear.png"):
  
Started GET "/img/calendar.png" for 127.0.0.1 at 2022-05-04 00:41:29 +0200
  
ActionController::RoutingError (No route matches [GET] "/img/calendar.png"):
  
  
ActionController::RoutingError (No route matches [GET] "/img/enclosure.jpg"):
  
Started GET "/img/facebook.png" for 127.0.0.1 at 2022-05-04 00:41:29 +0200
  
ActionController::RoutingError (No route matches [GET] "/img/facebook.png"):
  
Started GET "/img/twitter.png" for 127.0.0.1 at 2022-05-04 00:41:29 +0200
  
ActionController::RoutingError (No route matches [GET] "/img/twitter.png"):
  
Started GET "/img/instagram.png" for 127.0.0.1 at 2022-05-04 00:41:29 +0200
  
ActionController::RoutingError (No route matches [GET] "/img/instagram.png"):
  
Started GET "/img/mapa.png" for 127.0.0.1 at 2022-05-04 00:41:29 +0200
  
ActionController::RoutingError (No route matches [GET] "/img/mapa.png"):
  
Started GET "/img/bird.png" for 127.0.0.1 at 2022-05-04 00:41:29 +0200
  
ActionController::RoutingError (No route matches [GET] "/img/bird.png"):
  
Started GET "/" for 127.0.0.1 at 2022-05-04 00:41:56 +0200
Processing by PublicController#home as HTML
  Rendering layout layouts/application.html.erb
  Rendering public/home.html.erb within layouts/application
  Rendered public/home.html.erb within layouts/application (Duration: 1.3ms | Allocations: 507)
  Rendered layout layouts/application.html.erb (Duration: 5.0ms | Allocations: 1797)
Completed 200 OK in 8ms (Views: 7.0ms | ActiveRecord: 0.0ms | Allocations: 2685)


Started GET "/css/style.css" for 127.0.0.1 at 2022-05-04 00:41:56 +0200
  
ActionController::RoutingError (No route matches [GET] "/css/style.css"):
  
Started GET "/img/enclosure.jpg" for 127.0.0.1 at 2022-05-04 00:41:56 +0200
  
ActionController::RoutingError (No route matches [GET] "/img/enclosure.jpg"):
  
Started GET "/img/monky.png" for 127.0.0.1 at 2022-05-04 00:41:56 +0200
Started GET "/img/fox.png" for 127.0.0.1 at 2022-05-04 00:41:56 +0200
  
ActionController::RoutingError (No route matches [GET] "/img/monky.png"):
  
Started GET "/img/bear.png" for 127.0.0.1 at 2022-05-04 00:41:56 +0200
  
ActionController::RoutingError (No route matches [GET] "/img/bear.png"):
  
  
ActionController::RoutingError (No route matches [GET] "/img/fox.png"):
  
Started GET "/img/bird.png" for 127.0.0.1 at 2022-05-04 00:41:56 +0200
  
ActionController::RoutingError (No route matches [GET] "/img/bird.png"):
  
Started GET "/img/facebook.png" for 127.0.0.1 at 2022-05-04 00:41:56 +0200
  
ActionController::RoutingError (No route matches [GET] "/img/facebook.png"):
  
Started GET "/img/twitter.png" for 127.0.0.1 at 2022-05-04 00:41:56 +0200
  
ActionController::RoutingError (No route matches [GET] "/img/twitter.png"):
  
Started GET "/img/instagram.png" for 127.0.0.1 at 2022-05-04 00:41:56 +0200
  
ActionController::RoutingError (No route matches [GET] "/img/instagram.png"):
  
Started GET "/img/mapa.png" for 127.0.0.1 at 2022-05-04 00:41:57 +0200
  
ActionController::RoutingError (No route matches [GET] "/img/mapa.png"):
  
Started GET "/img/calendar.png" for 127.0.0.1 at 2022-05-04 00:41:57 +0200
  
ActionController::RoutingError (No route matches [GET] "/img/calendar.png"):
  
Started GET "/" for 127.0.0.1 at 2022-05-04 00:43:03 +0200
Processing by PublicController#home as HTML
  Rendering layout layouts/application.html.erb
  Rendering public/home.html.erb within layouts/application
  Rendered public/home.html.erb within layouts/application (Duration: 1.2ms | Allocations: 512)
  Rendered layout layouts/application.html.erb (Duration: 5.8ms | Allocations: 1803)
Completed 200 OK in 9ms (Views: 7.7ms | ActiveRecord: 0.0ms | Allocations: 2691)


Started GET "/css/style.css" for 127.0.0.1 at 2022-05-04 00:43:03 +0200
  
ActionController::RoutingError (No route matches [GET] "/css/style.css"):
  
Started GET "/app/views/public/img/enclosure.jpg" for 127.0.0.1 at 2022-05-04 00:43:03 +0200
Started GET "/app/views/public/img/fox.png" for 127.0.0.1 at 2022-05-04 00:43:03 +0200
Started GET "/app/views/public/img/monky.png" for 127.0.0.1 at 2022-05-04 00:43:03 +0200
  
ActionController::RoutingError (No route matches [GET] "/app/views/public/img/monky.png"):
  
Started GET "/app/views/public/img/bear.png" for 127.0.0.1 at 2022-05-04 00:43:03 +0200
Started GET "/app/views/public/img/bird.png" for 127.0.0.1 at 2022-05-04 00:43:03 +0200
  
ActionController::RoutingError (No route matches [GET] "/app/views/public/img/bear.png"):
  
  
ActionController::RoutingError (No route matches [GET] "/app/views/public/img/enclosure.jpg"):
  
  
ActionController::RoutingError (No route matches [GET] "/app/views/public/img/bird.png"):
  
  
ActionController::RoutingError (No route matches [GET] "/app/views/public/img/fox.png"):
  
Started GET "/app/views/public/img/facebook.png" for 127.0.0.1 at 2022-05-04 00:43:04 +0200
  
ActionController::RoutingError (No route matches [GET] "/app/views/public/img/facebook.png"):
  
Started GET "/app/views/public/img/twitter.png" for 127.0.0.1 at 2022-05-04 00:43:04 +0200
  
ActionController::RoutingError (No route matches [GET] "/app/views/public/img/twitter.png"):
  
Started GET "/app/views/public/img/instagram.png" for 127.0.0.1 at 2022-05-04 00:43:04 +0200
  
ActionController::RoutingError (No route matches [GET] "/app/views/public/img/instagram.png"):
  
Started GET "/app/views/public/img/mapa.png" for 127.0.0.1 at 2022-05-04 00:43:04 +0200
  
ActionController::RoutingError (No route matches [GET] "/app/views/public/img/mapa.png"):
  
Started GET "/app/views/public/img/calendar.png" for 127.0.0.1 at 2022-05-04 00:43:04 +0200
  
ActionController::RoutingError (No route matches [GET] "/app/views/public/img/calendar.png"):
  
Started GET "/" for 127.0.0.1 at 2022-05-04 00:48:49 +0200
Processing by PublicController#home as HTML
  Rendering layout layouts/application.html.erb
  Rendering public/home.html.erb within layouts/application
  Rendered public/home.html.erb within layouts/application (Duration: 2.8ms | Allocations: 506)
  Rendered layout layouts/application.html.erb (Duration: 6.4ms | Allocations: 1782)
Completed 200 OK in 10ms (Views: 8.7ms | Allocations: 2670)


Started GET "/css/style.css" for 127.0.0.1 at 2022-05-04 00:48:50 +0200
  
ActionController::RoutingError (No route matches [GET] "/css/style.css"):
  
Started GET "/app/views/public/img/enclosure.jpg" for 127.0.0.1 at 2022-05-04 00:48:50 +0200
Started GET "/app/views/public/img/monky.png" for 127.0.0.1 at 2022-05-04 00:48:50 +0200
Started GET "/app/views/public/img/fox.png" for 127.0.0.1 at 2022-05-04 00:48:50 +0200
  
ActionController::RoutingError (No route matches [GET] "/app/views/public/img/fox.png"):
  
Started GET "/app/views/public/img/bear.png" for 127.0.0.1 at 2022-05-04 00:48:50 +0200
  
ActionController::RoutingError (No route matches [GET] "/app/views/public/img/bear.png"):
  
Started GET "/app/views/public/img/bird.png" for 127.0.0.1 at 2022-05-04 00:48:50 +0200
  
ActionController::RoutingError (No route matches [GET] "/app/views/public/img/monky.png"):
  
  
ActionController::RoutingError (No route matches [GET] "/app/views/public/img/bird.png"):
  
  
ActionController::RoutingError (No route matches [GET] "/app/views/public/img/enclosure.jpg"):
  
Started GET "/app/views/public/img/facebook.png" for 127.0.0.1 at 2022-05-04 00:48:50 +0200
  
ActionController::RoutingError (No route matches [GET] "/app/views/public/img/facebook.png"):
  
Started GET "/app/views/public/img/twitter.png" for 127.0.0.1 at 2022-05-04 00:48:50 +0200
  
ActionController::RoutingError (No route matches [GET] "/app/views/public/img/twitter.png"):
  
Started GET "/app/views/public/img/instagram.png" for 127.0.0.1 at 2022-05-04 00:48:50 +0200
  
ActionController::RoutingError (No route matches [GET] "/app/views/public/img/instagram.png"):
  
Started GET "/app/views/public/img/mapa.png" for 127.0.0.1 at 2022-05-04 00:48:50 +0200
  
ActionController::RoutingError (No route matches [GET] "/app/views/public/img/mapa.png"):
  
Started GET "/app/views/public/img/calendar.png" for 127.0.0.1 at 2022-05-04 00:48:51 +0200
  
ActionController::RoutingError (No route matches [GET] "/app/views/public/img/calendar.png"):
  
Started GET "/" for 127.0.0.1 at 2022-05-04 00:50:29 +0200
Processing by PublicController#home as HTML
  Rendering layout layouts/application.html.erb
  Rendering public/home.html.erb within layouts/application
  Rendered public/home.html.erb within layouts/application (Duration: 1.7ms | Allocations: 472)
  Rendered layout layouts/application.html.erb (Duration: 5.3ms | Allocations: 1758)
Completed 200 OK in 9ms (Views: 7.6ms | Allocations: 2583)


Started GET "/app/views/public/img/enclosure.jpg" for 127.0.0.1 at 2022-05-04 00:50:29 +0200
  
ActionController::RoutingError (No route matches [GET] "/app/views/public/img/enclosure.jpg"):
  
Started GET "/app/views/public/img/monky.png" for 127.0.0.1 at 2022-05-04 00:50:29 +0200
  
ActionController::RoutingError (No route matches [GET] "/app/views/public/img/monky.png"):
  
Started GET "/app/views/public/img/fox.png" for 127.0.0.1 at 2022-05-04 00:50:29 +0200
Started GET "/app/views/public/img/bear.png" for 127.0.0.1 at 2022-05-04 00:50:29 +0200
  
ActionController::RoutingError (No route matches [GET] "/app/views/public/img/bear.png"):
  
Started GET "/app/views/public/img/bird.png" for 127.0.0.1 at 2022-05-04 00:50:29 +0200
  
ActionController::RoutingError (No route matches [GET] "/app/views/public/img/fox.png"):
  
  
ActionController::RoutingError (No route matches [GET] "/app/views/public/img/bird.png"):
  
Started GET "/app/views/public/img/facebook.png" for 127.0.0.1 at 2022-05-04 00:50:29 +0200
  
ActionController::RoutingError (No route matches [GET] "/app/views/public/img/facebook.png"):
  
Started GET "/app/views/public/img/twitter.png" for 127.0.0.1 at 2022-05-04 00:50:29 +0200
  
ActionController::RoutingError (No route matches [GET] "/app/views/public/img/twitter.png"):
  
Started GET "/app/views/public/img/instagram.png" for 127.0.0.1 at 2022-05-04 00:50:29 +0200
Started GET "/app/views/public/img/mapa.png" for 127.0.0.1 at 2022-05-04 00:50:30 +0200
  
ActionController::RoutingError (No route matches [GET] "/app/views/public/img/mapa.png"):
  
  
ActionController::RoutingError (No route matches [GET] "/app/views/public/img/instagram.png"):
  
Started GET "/app/views/public/img/calendar.png" for 127.0.0.1 at 2022-05-04 00:50:30 +0200
  
ActionController::RoutingError (No route matches [GET] "/app/views/public/img/calendar.png"):
  
Started GET "/" for 127.0.0.1 at 2022-05-04 00:51:40 +0200
  [1m[36mActiveRecord::SchemaMigration Pluck (1.4ms)[0m  [1m[34mSELECT "schema_migrations"."version" FROM "schema_migrations" ORDER BY "schema_migrations"."version" ASC[0m
Processing by PublicController#home as HTML
  Rendering layout layouts/application.html.erb
  Rendering public/home.html.erb within layouts/application
  Rendered public/home.html.erb within layouts/application (Duration: 2.0ms | Allocations: 661)
  Rendered layout layouts/application.html.erb (Duration: 64.6ms | Allocations: 20083)
Completed 200 OK in 76ms (Views: 69.3ms | ActiveRecord: 0.0ms | Allocations: 24667)


Started GET "/app/views/public/img/enclosure.jpg" for 127.0.0.1 at 2022-05-04 00:51:40 +0200
  
ActionController::RoutingError (No route matches [GET] "/app/views/public/img/enclosure.jpg"):
  
Started GET "/app/views/public/img/bear.png" for 127.0.0.1 at 2022-05-04 00:51:40 +0200
  
ActionController::RoutingError (No route matches [GET] "/app/views/public/img/bear.png"):
  
Started GET "/app/views/public/img/bird.png" for 127.0.0.1 at 2022-05-04 00:51:40 +0200
  
ActionController::RoutingError (No route matches [GET] "/app/views/public/img/bird.png"):
  
Started GET "/app/views/public/img/monky.png" for 127.0.0.1 at 2022-05-04 00:51:40 +0200
Started GET "/app/views/public/img/fox.png" for 127.0.0.1 at 2022-05-04 00:51:40 +0200
  
ActionController::RoutingError (No route matches [GET] "/app/views/public/img/monky.png"):
  
  
ActionController::RoutingError (No route matches [GET] "/app/views/public/img/fox.png"):
  
Started GET "/app/views/public/img/facebook.png" for 127.0.0.1 at 2022-05-04 00:51:41 +0200
Started GET "/app/views/public/img/instagram.png" for 127.0.0.1 at 2022-05-04 00:51:41 +0200
  
ActionController::RoutingError (No route matches [GET] "/app/views/public/img/instagram.png"):
  
Started GET "/app/views/public/img/twitter.png" for 127.0.0.1 at 2022-05-04 00:51:41 +0200
  
ActionController::RoutingError (No route matches [GET] "/app/views/public/img/facebook.png"):
  
Started GET "/app/views/public/img/mapa.png" for 127.0.0.1 at 2022-05-04 00:51:41 +0200
  
ActionController::RoutingError (No route matches [GET] "/app/views/public/img/twitter.png"):
  
  
ActionController::RoutingError (No route matches [GET] "/app/views/public/img/mapa.png"):
  
Started GET "/app/views/public/img/calendar.png" for 127.0.0.1 at 2022-05-04 00:51:41 +0200
  
ActionController::RoutingError (No route matches [GET] "/app/views/public/img/calendar.png"):
  
Started GET "/" for 127.0.0.1 at 2022-05-04 00:53:49 +0200
Processing by PublicController#home as HTML
  Rendering layout layouts/mailer.html.erb
  Rendering public/home.html.erb within layouts/mailer
  Rendered public/home.html.erb within layouts/mailer (Duration: 1.6ms | Allocations: 476)
  Rendered layout layouts/mailer.html.erb (Duration: 2.9ms | Allocations: 706)
Completed 200 OK in 6ms (Views: 4.8ms | ActiveRecord: 0.0ms | Allocations: 1558)


Started GET "/app/views/public/img/enclosure.jpg" for 127.0.0.1 at 2022-05-04 00:53:49 +0200
Started GET "/app/views/public/img/monky.png" for 127.0.0.1 at 2022-05-04 00:53:49 +0200
  
ActionController::RoutingError (No route matches [GET] "/app/views/public/img/monky.png"):
  
Started GET "/app/views/public/img/fox.png" for 127.0.0.1 at 2022-05-04 00:53:49 +0200
Started GET "/app/views/public/img/bear.png" for 127.0.0.1 at 2022-05-04 00:53:49 +0200
  
ActionController::RoutingError (No route matches [GET] "/app/views/public/img/bear.png"):
  
Started GET "/app/views/public/img/bird.png" for 127.0.0.1 at 2022-05-04 00:53:49 +0200
  
ActionController::RoutingError (No route matches [GET] "/app/views/public/img/fox.png"):
  
  
ActionController::RoutingError (No route matches [GET] "/app/views/public/img/enclosure.jpg"):
  
  
ActionController::RoutingError (No route matches [GET] "/app/views/public/img/bird.png"):
  
Started GET "/app/views/public/img/facebook.png" for 127.0.0.1 at 2022-05-04 00:53:49 +0200
  
ActionController::RoutingError (No route matches [GET] "/app/views/public/img/facebook.png"):
  
Started GET "/app/views/public/img/twitter.png" for 127.0.0.1 at 2022-05-04 00:53:49 +0200
  
ActionController::RoutingError (No route matches [GET] "/app/views/public/img/twitter.png"):
  
Started GET "/app/views/public/img/instagram.png" for 127.0.0.1 at 2022-05-04 00:53:49 +0200
  
ActionController::RoutingError (No route matches [GET] "/app/views/public/img/instagram.png"):
  
Started GET "/app/views/public/img/mapa.png" for 127.0.0.1 at 2022-05-04 00:53:49 +0200
  
ActionController::RoutingError (No route matches [GET] "/app/views/public/img/mapa.png"):
  
Started GET "/app/views/public/img/calendar.png" for 127.0.0.1 at 2022-05-04 00:53:50 +0200
  
ActionController::RoutingError (No route matches [GET] "/app/views/public/img/calendar.png"):
  
Started GET "/" for 127.0.0.1 at 2022-05-04 00:57:04 +0200
  [1m[36mActiveRecord::SchemaMigration Pluck (0.7ms)[0m  [1m[34mSELECT "schema_migrations"."version" FROM "schema_migrations" ORDER BY "schema_migrations"."version" ASC[0m
Processing by PublicController#home as HTML
  Rendering layout layouts/application.html.erb
  Rendering public/home.html.erb within layouts/application
  Rendered public/home.html.erb within layouts/application (Duration: 217.9ms | Allocations: 33489)
  Rendered layout layouts/application.html.erb (Duration: 226.3ms | Allocations: 34776)
Completed 200 OK in 238ms (Views: 231.1ms | ActiveRecord: 0.0ms | Allocations: 39359)


Started GET "/app/views/public/img/enclosure.jpg" for 127.0.0.1 at 2022-05-04 00:57:04 +0200
Started GET "/app/views/public/img/bear.png" for 127.0.0.1 at 2022-05-04 00:57:04 +0200
Started GET "/app/views/public/img/monky.png" for 127.0.0.1 at 2022-05-04 00:57:04 +0200
Started GET "/app/views/public/img/fox.png" for 127.0.0.1 at 2022-05-04 00:57:04 +0200
Started GET "/app/views/public/img/bird.png" for 127.0.0.1 at 2022-05-04 00:57:04 +0200
  
ActionController::RoutingError (No route matches [GET] "/app/views/public/img/monky.png"):
  
  
ActionController::RoutingError (No route matches [GET] "/app/views/public/img/bird.png"):
  
  
ActionController::RoutingError (No route matches [GET] "/app/views/public/img/fox.png"):
  
  
ActionController::RoutingError (No route matches [GET] "/app/views/public/img/enclosure.jpg"):
  
  
ActionController::RoutingError (No route matches [GET] "/app/views/public/img/bear.png"):
  
Started GET "/app/views/public/img/twitter.png" for 127.0.0.1 at 2022-05-04 00:57:05 +0200
Started GET "/app/views/public/img/facebook.png" for 127.0.0.1 at 2022-05-04 00:57:05 +0200
Started GET "/app/views/public/img/instagram.png" for 127.0.0.1 at 2022-05-04 00:57:05 +0200
  
ActionController::RoutingError (No route matches [GET] "/app/views/public/img/instagram.png"):
  
  
ActionController::RoutingError (No route matches [GET] "/app/views/public/img/facebook.png"):
  
  
ActionController::RoutingError (No route matches [GET] "/app/views/public/img/twitter.png"):
  
Started GET "/app/views/public/img/calendar.png" for 127.0.0.1 at 2022-05-04 00:57:05 +0200
  
ActionController::RoutingError (No route matches [GET] "/app/views/public/img/calendar.png"):
  
Started GET "/" for 127.0.0.1 at 2022-05-04 00:59:18 +0200
Processing by PublicController#home as HTML
  Rendering layout layouts/application.html.erb
  Rendering public/home.html.erb within layouts/application
Started GET "/" for 127.0.0.1 at 2022-05-04 00:59:26 +0200
  [1m[36mActiveRecord::SchemaMigration Pluck (0.8ms)[0m  [1m[34mSELECT "schema_migrations"."version" FROM "schema_migrations" ORDER BY "schema_migrations"."version" ASC[0m
Processing by PublicController#home as HTML
  Rendering layout layouts/application.html.erb
  Rendering public/home.html.erb within layouts/application
Started GET "/" for 127.0.0.1 at 2022-05-04 00:59:44 +0200
  [1m[36mActiveRecord::SchemaMigration Pluck (1.0ms)[0m  [1m[34mSELECT "schema_migrations"."version" FROM "schema_migrations" ORDER BY "schema_migrations"."version" ASC[0m
Processing by PublicController#home as HTML
  Rendering layout layouts/application.html.erb
  Rendering public/home.html.erb within layouts/application
Started GET "/" for 127.0.0.1 at 2022-05-04 01:00:02 +0200
  [1m[36mActiveRecord::SchemaMigration Pluck (0.9ms)[0m  [1m[34mSELECT "schema_migrations"."version" FROM "schema_migrations" ORDER BY "schema_migrations"."version" ASC[0m
Processing by PublicController#home as HTML
  Rendering layout layouts/application.html.erb
  Rendering public/home.html.erb within layouts/application
Started GET "/" for 127.0.0.1 at 2022-05-04 01:00:34 +0200
  [1m[36mActiveRecord::SchemaMigration Pluck (0.7ms)[0m  [1m[34mSELECT "schema_migrations"."version" FROM "schema_migrations" ORDER BY "schema_migrations"."version" ASC[0m
Processing by PublicController#home as HTML
  Rendering layout layouts/application.html.erb
  Rendering public/home.html.erb within layouts/application
  Rendered public/home.html.erb within layouts/application (Duration: 46.8ms | Allocations: 27359)
  Rendered layout layouts/application.html.erb (Duration: 54.6ms | Allocations: 28640)
Completed 200 OK in 65ms (Views: 58.0ms | ActiveRecord: 0.0ms | Allocations: 33224)


Started GET "/" for 127.0.0.1 at 2022-05-04 01:03:08 +0200
Processing by PublicController#home as HTML
  Rendering layout layouts/application.html.erb
  Rendering public/home.html.erb within layouts/application
  Rendered public/home.html.erb within layouts/application (Duration: 12.7ms | Allocations: 5145)
  Rendered layout layouts/application.html.erb (Duration: 28.9ms | Allocations: 10367)
Completed 200 OK in 32ms (Views: 30.7ms | ActiveRecord: 0.0ms | Allocations: 11188)


Started GET "/img/panda_czerwona.png" for 127.0.0.1 at 2022-05-04 01:03:08 +0200
Started GET "/img/monki.png" for 127.0.0.1 at 2022-05-04 01:03:08 +0200
  
ActionController::RoutingError (No route matches [GET] "/img/monki.png"):
  
  
ActionController::RoutingError (No route matches [GET] "/img/panda_czerwona.png"):
  
Started GET "/" for 127.0.0.1 at 2022-05-04 01:03:59 +0200
Processing by PublicController#home as HTML
  Rendering layout layouts/application.html.erb
  Rendering public/home.html.erb within layouts/application
  Rendered public/home.html.erb within layouts/application (Duration: 16.7ms | Allocations: 4548)
  Rendered layout layouts/application.html.erb (Duration: 34.3ms | Allocations: 8917)
Completed 200 OK in 36ms (Views: 35.1ms | ActiveRecord: 0.0ms | Allocations: 9142)


Started GET "/images/panda_czerwona.png" for 127.0.0.1 at 2022-05-04 01:04:00 +0200
Started GET "/images/monki.png" for 127.0.0.1 at 2022-05-04 01:04:00 +0200
  
ActionController::RoutingError (No route matches [GET] "/images/monki.png"):
  
  
ActionController::RoutingError (No route matches [GET] "/images/panda_czerwona.png"):
  
Started GET "/" for 127.0.0.1 at 2022-05-04 01:05:42 +0200
Processing by PublicController#home as HTML
  Rendering layout layouts/application.html.erb
  Rendering public/home.html.erb within layouts/application
  Rendered public/home.html.erb within layouts/application (Duration: 13.6ms | Allocations: 5638)
  Rendered layout layouts/application.html.erb (Duration: 18.0ms | Allocations: 6845)
Completed 200 OK in 21ms (Views: 20.1ms | ActiveRecord: 0.0ms | Allocations: 7667)


Started GET "/" for 127.0.0.1 at 2022-05-04 01:06:01 +0200
Processing by PublicController#home as HTML
  Rendering layout layouts/application.html.erb
  Rendering public/home.html.erb within layouts/application
  Rendered public/home.html.erb within layouts/application (Duration: 17.1ms | Allocations: 5595)
  Rendered layout layouts/application.html.erb (Duration: 22.6ms | Allocations: 6806)
Completed 200 OK in 27ms (Views: 25.1ms | ActiveRecord: 0.0ms | Allocations: 7623)


Started GET "/" for 127.0.0.1 at 2022-05-04 01:06:02 +0200
Processing by PublicController#home as HTML
  Rendering layout layouts/application.html.erb
  Rendering public/home.html.erb within layouts/application
  Rendered public/home.html.erb within layouts/application (Duration: 9.6ms | Allocations: 4968)
  Rendered layout layouts/application.html.erb (Duration: 12.0ms | Allocations: 5990)
Completed 200 OK in 16ms (Views: 15.2ms | ActiveRecord: 0.0ms | Allocations: 6213)


Started GET "/" for 127.0.0.1 at 2022-05-04 01:07:01 +0200
Processing by PublicController#home as HTML
  Rendering layout layouts/application.html.erb
  Rendering public/home.html.erb within layouts/application
  Rendered public/home.html.erb within layouts/application (Duration: 17.0ms | Allocations: 5146)
  Rendered layout layouts/application.html.erb (Duration: 31.7ms | Allocations: 9210)
Completed 200 OK in 36ms (Views: 34.4ms | Allocations: 10028)


Started GET "/images/panda_czerwona.png" for 127.0.0.1 at 2022-05-04 01:07:02 +0200
  
ActionController::RoutingError (No route matches [GET] "/images/panda_czerwona.png"):
  
Started GET "/" for 127.0.0.1 at 2022-05-04 01:07:22 +0200
Processing by PublicController#home as HTML
  Rendering layout layouts/application.html.erb
  Rendering public/home.html.erb within layouts/application
  Rendered public/home.html.erb within layouts/application (Duration: 9.0ms | Allocations: 4549)
  Rendered layout layouts/application.html.erb (Duration: 19.7ms | Allocations: 7266)
Completed 200 OK in 21ms (Views: 20.6ms | Allocations: 7488)


Started GET "/" for 127.0.0.1 at 2022-05-04 01:09:20 +0200
Processing by PublicController#home as HTML
  Rendering layout layouts/application.html.erb
  Rendering public/home.html.erb within layouts/application
  Rendered public/home.html.erb within layouts/application (Duration: 9.2ms | Allocations: 4528)
  Rendered layout layouts/application.html.erb (Duration: 40.8ms | Allocations: 15071)
Completed 200 OK in 42ms (Views: 41.7ms | Allocations: 15291)


